<?xml version="1.0" encoding="UTF-8"?>
<testng-results ignored="0" total="1" passed="1" failed="0" skipped="0">
  <reporter-output>
  </reporter-output>
  <suite started-at="2022-01-14T19:20:52 EET" name="Default suite" finished-at="2022-01-14T19:20:57 EET" duration-ms="5477">
    <groups>
    </groups>
    <test started-at="2022-01-14T19:20:52 EET" name="Default test" finished-at="2022-01-14T19:20:57 EET" duration-ms="5477">
      <class name="Tests.navigateToShopPageTEST">
        <test-method is-config="true" signature="setup()[pri:0, instance:Tests.navigateToShopPageTEST@702b8b12]" started-at="2022-01-14T19:20:52 EET" name="setup" finished-at="2022-01-14T19:20:56 EET" duration-ms="4044" status="PASS">
          <reporter-output>
          </reporter-output>
        </test-method> <!-- setup -->
        <test-method signature="clickOnShop()[pri:0, instance:Tests.navigateToShopPageTEST@702b8b12]" started-at="2022-01-14T19:20:56 EET" name="clickOnShop" finished-at="2022-01-14T19:20:57 EET" duration-ms="1319" status="PASS">
          <reporter-output>
          </reporter-output>
        </test-method> <!-- clickOnShop -->
        <test-method is-config="true" signature="tearDown()[pri:0, instance:Tests.navigateToShopPageTEST@702b8b12]" started-at="2022-01-14T19:20:57 EET" name="tearDown" finished-at="2022-01-14T19:20:57 EET" duration-ms="91" status="PASS">
          <reporter-output>
          </reporter-output>
        </test-method> <!-- tearDown -->
      </class> <!-- Tests.navigateToShopPageTEST -->
    </test> <!-- Default test -->
  </suite> <!-- Default suite -->
</testng-results>
